0 verbose cli C:\Program Files\nodejs\node.exe C:\Users\This PC\AppData\Roaming\npm\node_modules\npm\bin\npm-cli.js
1 info using npm@11.5.1
2 info using node@v24.11.1
3 silly config load:file:C:\Users\This PC\AppData\Roaming\npm\node_modules\npm\npmrc
4 silly config load:file:D:\allquestions\.npmrc
5 silly config load:file:C:\Users\This PC\.npmrc
6 silly config load:file:C:\Users\This PC\AppData\Roaming\npm\etc\npmrc
7 verbose title npm i
8 verbose argv "i"
9 verbose logfile logs-max:10 dir:D:\allquestions\npm-cache\_logs\2026-03-23T06_46_23_030Z-
10 verbose logfile D:\allquestions\npm-cache\_logs\2026-03-23T06_46_23_030Z-debug-0.log
11 silly logfile done cleaning log files
12 silly packumentCache heap:4496293888 maxSize:1124073472 maxEntrySize:562036736
13 silly idealTree buildDeps
14 silly reify moves {}
15 verbose stack Error: Could not read package.json: Error: ENOENT: no such file or directory, open 'D:\allquestions\package.json'
15 verbose stack     at async open (node:internal/fs/promises:642:25)
15 verbose stack     at async readFile (node:internal/fs/promises:1279:14)
15 verbose stack     at async read (C:\Users\This PC\AppData\Roaming\npm\node_modules\npm\node_modules\@npmcli\package-json\lib\read-package.js:9:18)
15 verbose stack     at async PackageJson.load (C:\Users\This PC\AppData\Roaming\npm\node_modules\npm\node_modules\@npmcli\package-json\lib\index.js:132:31)
15 verbose stack     at async PackageJson.normalize (C:\Users\This PC\AppData\Roaming\npm\node_modules\npm\node_modules\@npmcli\package-json\lib\index.js:118:5)
15 verbose stack     at async runScript (C:\Users\This PC\AppData\Roaming\npm\node_modules\npm\node_modules\@npmcli\run-script\lib\run-script.js:11:28)
15 verbose stack     at async Install.exec (C:\Users\This PC\AppData\Roaming\npm\node_modules\npm\lib\commands\install.js:163:9)
15 verbose stack     at async Npm.exec (C:\Users\This PC\AppData\Roaming\npm\node_modules\npm\lib\npm.js:208:9)
15 verbose stack     at async module.exports (C:\Users\This PC\AppData\Roaming\npm\node_modules\npm\lib\cli\entry.js:67:5)
16 error code ENOENT
17 error syscall open
18 error path D:\allquestions\package.json
19 error errno -4058
20 error enoent Could not read package.json: Error: ENOENT: no such file or directory, open 'D:\allquestions\package.json'
21 error enoent This is related to npm not being able to find a file.
21 error enoent
22 verbose cwd D:\allquestions
23 verbose os Windows_NT 10.0.26300
24 verbose node v24.11.1
25 verbose npm  v11.5.1
26 verbose exit -4058
27 verbose code -4058
28 error A complete log of this run can be found in: D:\allquestions\npm-cache\_logs\2026-03-23T06_46_23_030Z-debug-0.log
